<?xml version="1.0" encoding="UTF-8"?>
<!-- Generated by org.testng.reporters.JUnitReportReporter -->
<testsuite skipped="0" hostname="DESKTOP-4P6KF4G" name="com.vwork.tests.TC001" tests="1" failures="0" timestamp="05 Apr 2019 05:13:17 GMT" time="0.018" errors="0">
  <testcase name="testing" time="0.018" classname="com.vwork.tests.TC001"/>
</testsuite> <!-- com.vwork.tests.TC001 -->
