<?xml version="1.0" encoding="UTF-8"?>
<!-- Generated by org.testng.reporters.JUnitReportReporter -->
<testsuite skipped="0" hostname="DESKTOP-4P6KF4G" name="com.vwork.tests.TestCustomersPostResponse" tests="1" failures="0" timestamp="07 Sep 2018 02:14:15 GMT" time="3.957" errors="0">
  <testcase name="getResponse" time="3.957" classname="com.vwork.tests.TestCustomersPostResponse"/>
</testsuite> <!-- com.vwork.tests.TestCustomersPostResponse -->
