<?xml version="1.0" encoding="UTF-8"?>
<!-- Generated by org.testng.reporters.JUnitReportReporter -->
<testsuite skipped="0" hostname="DESKTOP-4P6KF4G" name="tests.TestDemo" tests="1" failures="0" timestamp="26 Aug 2018 13:43:09 GMT" time="0.017" errors="0">
  <testcase name="demo" time="0.017" classname="tests.TestDemo"/>
</testsuite> <!-- tests.TestDemo -->
