<?xml version="1.0" encoding="UTF-8"?>
<!-- Generated by org.testng.reporters.JUnitReportReporter -->
<testsuite skipped="0" hostname="DESKTOP-4P6KF4G" name="com.vwork.tests.TestCustomerGetResponse" tests="1" failures="0" timestamp="06 Apr 2019 04:08:43 GMT" time="0.022" errors="0">
  <testcase name="getResponse" time="0.022" classname="com.vwork.tests.TestCustomerGetResponse"/>
</testsuite> <!-- com.vwork.tests.TestCustomerGetResponse -->
