<?xml version="1.0" encoding="UTF-8"?>
<!-- Generated by org.testng.reporters.JUnitReportReporter -->
<testsuite skipped="0" hostname="DESKTOP-4P6KF4G" name="tests.TestEmpPayload" tests="1" failures="0" timestamp="26 Aug 2018 15:57:10 GMT" time="0.324" errors="0">
  <testcase name="testEmpPayload" time="0.324" classname="tests.TestEmpPayload"/>
</testsuite> <!-- tests.TestEmpPayload -->
