<?xml version="1.0" encoding="UTF-8"?>
<!-- Generated by org.testng.reporters.JUnitReportReporter -->
<testsuite skipped="0" hostname="DESKTOP-4P6KF4G" name="tests.TestPostResponse" tests="1" failures="0" timestamp="26 Aug 2018 15:43:45 GMT" time="2.703" errors="0">
  <testcase name="getResponse" time="2.703" classname="tests.TestPostResponse"/>
</testsuite> <!-- tests.TestPostResponse -->
