<?xml version="1.0" encoding="UTF-8"?>
<!-- Generated by org.testng.reporters.JUnitReportReporter -->
<testsuite skipped="0" hostname="DESKTOP-4P6KF4G" name="com.vwork.tests.TestCustomerGetResponse" tests="1" failures="0" timestamp="02 Sep 2018 02:04:44 GMT" time="3.000" errors="0">
  <testcase name="getResponse" time="3.000" classname="com.vwork.tests.TestCustomerGetResponse"/>
</testsuite> <!-- com.vwork.tests.TestCustomerGetResponse -->
