<?xml version="1.0" encoding="UTF-8"?>
<!-- Generated by org.testng.reporters.JUnitReportReporter -->
<testsuite skipped="0" hostname="DESKTOP-4P6KF4G" name="com.vwork.tests.Test1" tests="1" failures="0" timestamp="05 Apr 2019 04:53:59 GMT" time="0.020" errors="0">
  <testcase name="testing" time="0.020" classname="com.vwork.tests.Test1"/>
</testsuite> <!-- com.vwork.tests.Test1 -->
