<?xml version="1.0" encoding="UTF-8"?>
<!-- Generated by org.testng.reporters.JUnitReportReporter -->
<testsuite skipped="0" hostname="DESKTOP-4P6KF4G" name="tests.TestGetResponse" tests="1" failures="0" timestamp="27 Aug 2018 01:02:52 GMT" time="2.021" errors="0">
  <testcase name="getResponse" time="2.021" classname="tests.TestGetResponse"/>
</testsuite> <!-- tests.TestGetResponse -->
